25-06-26 23:28:55 [INFO] Logger started.
25-06-26 23:28:55 [INFO] Logging system initialized.
25-06-26 23:28:55 [INFO] Detected Minecraft version: 1.20.1
25-06-26 23:29:01 [WARNING] Running in Bukkit-API-only mode (git-Paper-196 (MC: 1.20.1)). If this is not intended, please check for updates and consider to request support.
25-06-26 23:29:01 [WARNING]  Check for updates and support at BukkitDev: https://dev.bukkit.org/server-mods/nocheatplus/
25-06-26 23:29:01 [WARNING]  Development builds (unsupported by the Bukkit Staff, use at your own risk): https://ci.md-5.net/job/NoCheatPlus/changes
25-06-26 23:29:01 [WARNING] Bukkit-API-only mode: Some features will likely not function properly, performance might suffer.
25-06-26 23:29:01 [INFO] McAccess set to: 1.4.6-1.11.2|? / Bukkit-API
25-06-26 23:29:01 [INFO] Added block-info for Minecraft 1.5 blocks.
25-06-26 23:29:01 [INFO] Added block-info for Minecraft 1.6.1 blocks.
25-06-26 23:29:01 [INFO] Added block-info for Minecraft 1.7.2 blocks.
25-06-26 23:29:01 [INFO] Added block-info for Minecraft 1.8 blocks.
25-06-26 23:29:01 [INFO] Added block-info for Minecraft 1.9 blocks.
25-06-26 23:29:01 [INFO] Added block-info for Minecraft 1.10 blocks.
25-06-26 23:29:01 [INFO] Added block-info for Minecraft 1.11 blocks.
25-06-26 23:29:01 [INFO] Added block-info for Minecraft 1.12 blocks.
25-06-26 23:29:02 [INFO] Inventory checks: FastConsume is available, disabled InstantEat.
25-06-26 23:29:02 [INFO] Packet level access: ProtocolLib is not available.
25-06-26 23:29:02 [INFO] Force disable FastHeal on Minecraft 1.9 and later.
25-06-26 23:29:02 [INFO] Version 3.16.0-RC-sMD5NET-b1134 is enabled.
25-06-26 23:29:02 [INFO] [GenericInstanceRegistry] Registered for itself: fr.neatmonster.nocheatplus.stats.Counters
25-06-26 23:29:02 [INFO] [GenericInstanceRegistry] Registered for itself: fr.neatmonster.nocheatplus.checks.workaround.WRPT
25-06-26 23:29:02 [INFO] [GenericInstanceRegistry] Registered for itself: fr.neatmonster.nocheatplus.checks.moving.location.tracking.LocationTrace$TraceEntryPool
25-06-26 23:29:02 [INFO] [GenericInstanceRegistry] Registered for itself: fr.neatmonster.nocheatplus.utilities.entity.PassengerUtil
25-06-26 23:29:02 [INFO] [GenericInstanceRegistry] Registered for itself: java.util.Random
25-06-26 23:29:02 [INFO] [GenericInstanceRegistry] Registered for fr.neatmonster.nocheatplus.compat.IBridgeCrossPlugin: fr.neatmonster.nocheatplus.compat.meta.BridgeCrossPlugin
25-06-26 23:29:02 [INFO] [GenericInstanceRegistry] Registered for fr.neatmonster.nocheatplus.compat.MCAccess: fr.neatmonster.nocheatplus.compat.bukkit.MCAccessBukkit
25-06-26 23:29:02 [INFO] [GenericInstanceRegistry] Registered for fr.neatmonster.nocheatplus.utilities.map.BlockCache: fr.neatmonster.nocheatplus.compat.bukkit.BlockCacheBukkit
25-06-26 23:29:02 [INFO] [GenericInstanceRegistry] Registered for fr.neatmonster.nocheatplus.components.modifier.IAttributeAccess: fr.neatmonster.nocheatplus.compat.bukkit.BukkitAttributeAccess
25-06-26 23:29:02 [INFO] Could not register an instance for: fr.neatmonster.nocheatplus.components.entity.IEntityAccessLastPositionAndLook
25-06-26 23:29:02 [INFO] [GenericInstanceRegistry] Registered for fr.neatmonster.nocheatplus.components.entity.IEntityAccessVehicle: fr.neatmonster.nocheatplus.compat.bukkit.EntityAccessVehicleMultiPassenger
25-06-26 23:29:02 [INFO] [GenericInstanceRegistry] Registered for itself: fr.neatmonster.nocheatplus.checks.moving.util.AuxMoving
25-06-26 23:29:02 [INFO] Added hook: AllViolations(NCP) [1.0].
25-06-26 23:29:02 [INFO] Post-enable running...
25-06-26 23:29:03 [INFO] Post-enable finished.
25-06-26 23:29:03 [INFO] ---- Version information ----
#### Server ####
git-Paper-196 ~MC: 1.20.1~
  detected: 1.20.1
#### NoCheatPlus ####
Plugin: 3.16.0-RC-sMD5NET-b1134
MCAccess: 1.4.6-1.11.2|? / Bukkit-API
Features:
  blocks: BlocksMC1_4 | BlocksMC1_5 | BlocksMC1_6_1 | BlocksMC1_7_2 | BlocksMC1_8 | BlocksMC1_9 | BlocksMC1_10 | BlocksMC1_11 | BlocksMC1_12
  checks: FastConsume | Gutenberg | HotFixFallingBlockPortalEnter
  defaults: pvpKnockBackVelocity
Hooks: AllViolations~NCP~ 1.0
25-06-26 23:29:08 [INFO] Removed hook: AllViolations(NCP) [1.0].
25-06-26 23:29:08 [FINE] | cancel.dead 0 | cancel.offline 0 | block.interact.look.current 0 | block.interact.look.flying.first 0 | block.interact.look.flying.other 0 | illegalitem 0 | boatsanywhere 0 | throwenderpearl 0 | fakeinvulnerable 0 | eggonentity 0 | event.player.move 0 |
25-06-26 23:29:08 [INFO] [GenericInstanceRegistry] Registry cleared.
25-06-26 23:36:41 [INFO] Logger started.
25-06-26 23:36:41 [INFO] Logging system initialized.
25-06-26 23:36:41 [INFO] Detected Minecraft version: 1.20.1
25-06-26 23:36:46 [WARNING] Running in Bukkit-API-only mode (git-Paper-196 (MC: 1.20.1)). If this is not intended, please check for updates and consider to request support.
25-06-26 23:36:46 [WARNING]  Check for updates and support at BukkitDev: https://dev.bukkit.org/server-mods/nocheatplus/
25-06-26 23:36:46 [WARNING]  Development builds (unsupported by the Bukkit Staff, use at your own risk): https://ci.md-5.net/job/NoCheatPlus/changes
25-06-26 23:36:46 [WARNING] Bukkit-API-only mode: Some features will likely not function properly, performance might suffer.
25-06-26 23:36:46 [INFO] McAccess set to: 1.4.6-1.11.2|? / Bukkit-API
25-06-26 23:36:46 [INFO] Added block-info for Minecraft 1.5 blocks.
25-06-26 23:36:46 [INFO] Added block-info for Minecraft 1.6.1 blocks.
25-06-26 23:36:46 [INFO] Added block-info for Minecraft 1.7.2 blocks.
25-06-26 23:36:46 [INFO] Added block-info for Minecraft 1.8 blocks.
25-06-26 23:36:46 [INFO] Added block-info for Minecraft 1.9 blocks.
25-06-26 23:36:46 [INFO] Added block-info for Minecraft 1.10 blocks.
25-06-26 23:36:46 [INFO] Added block-info for Minecraft 1.11 blocks.
25-06-26 23:36:46 [INFO] Added block-info for Minecraft 1.12 blocks.
25-06-26 23:36:46 [INFO] Inventory checks: FastConsume is available, disabled InstantEat.
25-06-26 23:36:46 [INFO] Packet level access: ProtocolLib is not available.
25-06-26 23:36:46 [INFO] Force disable FastHeal on Minecraft 1.9 and later.
25-06-26 23:36:46 [INFO] Version 3.16.0-RC-sMD5NET-b1134 is enabled.
25-06-26 23:36:47 [INFO] Post-enable running...
25-06-26 23:36:47 [INFO] [GenericInstanceRegistry] Registered for itself: fr.neatmonster.nocheatplus.stats.Counters
25-06-26 23:36:47 [INFO] [GenericInstanceRegistry] Registered for itself: fr.neatmonster.nocheatplus.checks.workaround.WRPT
25-06-26 23:36:47 [INFO] [GenericInstanceRegistry] Registered for itself: fr.neatmonster.nocheatplus.checks.moving.location.tracking.LocationTrace$TraceEntryPool
25-06-26 23:36:47 [INFO] [GenericInstanceRegistry] Registered for itself: fr.neatmonster.nocheatplus.utilities.entity.PassengerUtil
25-06-26 23:36:47 [INFO] [GenericInstanceRegistry] Registered for itself: java.util.Random
25-06-26 23:36:47 [INFO] [GenericInstanceRegistry] Registered for fr.neatmonster.nocheatplus.compat.IBridgeCrossPlugin: fr.neatmonster.nocheatplus.compat.meta.BridgeCrossPlugin
25-06-26 23:36:47 [INFO] [GenericInstanceRegistry] Registered for fr.neatmonster.nocheatplus.compat.MCAccess: fr.neatmonster.nocheatplus.compat.bukkit.MCAccessBukkit
25-06-26 23:36:47 [INFO] [GenericInstanceRegistry] Registered for fr.neatmonster.nocheatplus.utilities.map.BlockCache: fr.neatmonster.nocheatplus.compat.bukkit.BlockCacheBukkit
25-06-26 23:36:47 [INFO] [GenericInstanceRegistry] Registered for fr.neatmonster.nocheatplus.components.modifier.IAttributeAccess: fr.neatmonster.nocheatplus.compat.bukkit.BukkitAttributeAccess
25-06-26 23:36:47 [INFO] Could not register an instance for: fr.neatmonster.nocheatplus.components.entity.IEntityAccessLastPositionAndLook
25-06-26 23:36:47 [INFO] [GenericInstanceRegistry] Registered for fr.neatmonster.nocheatplus.components.entity.IEntityAccessVehicle: fr.neatmonster.nocheatplus.compat.bukkit.EntityAccessVehicleMultiPassenger
25-06-26 23:36:47 [INFO] [GenericInstanceRegistry] Registered for itself: fr.neatmonster.nocheatplus.checks.moving.util.AuxMoving
25-06-26 23:36:47 [INFO] Added hook: AllViolations(NCP) [1.0].
25-06-26 23:36:47 [INFO] Post-enable finished.
25-06-26 23:36:47 [INFO] ---- Version information ----
#### Server ####
git-Paper-196 ~MC: 1.20.1~
  detected: 1.20.1
#### NoCheatPlus ####
Plugin: 3.16.0-RC-sMD5NET-b1134
MCAccess: 1.4.6-1.11.2|? / Bukkit-API
Features:
  blocks: BlocksMC1_4 | BlocksMC1_5 | BlocksMC1_6_1 | BlocksMC1_7_2 | BlocksMC1_8 | BlocksMC1_9 | BlocksMC1_10 | BlocksMC1_11 | BlocksMC1_12
  checks: FastConsume | Gutenberg | HotFixFallingBlockPortalEnter
  defaults: pvpKnockBackVelocity
Hooks: AllViolations~NCP~ 1.0
25-06-26 23:38:11 [INFO] Removed hook: AllViolations(NCP) [1.0].
25-06-26 23:38:11 [FINE] | cancel.dead 0 | cancel.offline 0 | block.interact.look.current 0 | block.interact.look.flying.first 0 | block.interact.look.flying.other 0 | illegalitem 0 | boatsanywhere 0 | throwenderpearl 0 | fakeinvulnerable 0 | eggonentity 0 | event.player.move 0 |
25-06-26 23:38:11 [INFO] [GenericInstanceRegistry] Registry cleared.
25-06-26 23:39:02 [INFO] Logger started.
25-06-26 23:39:02 [INFO] Logging system initialized.
25-06-26 23:39:02 [INFO] Detected Minecraft version: 1.20.1
25-06-26 23:39:05 [WARNING] Running in Bukkit-API-only mode (git-Paper-196 (MC: 1.20.1)). If this is not intended, please check for updates and consider to request support.
25-06-26 23:39:05 [WARNING]  Check for updates and support at BukkitDev: https://dev.bukkit.org/server-mods/nocheatplus/
25-06-26 23:39:05 [WARNING]  Development builds (unsupported by the Bukkit Staff, use at your own risk): https://ci.md-5.net/job/NoCheatPlus/changes
25-06-26 23:39:05 [WARNING] Bukkit-API-only mode: Some features will likely not function properly, performance might suffer.
25-06-26 23:39:06 [INFO] McAccess set to: 1.4.6-1.11.2|? / Bukkit-API
25-06-26 23:39:06 [INFO] Added block-info for Minecraft 1.5 blocks.
25-06-26 23:39:06 [INFO] Added block-info for Minecraft 1.6.1 blocks.
25-06-26 23:39:06 [INFO] Added block-info for Minecraft 1.7.2 blocks.
25-06-26 23:39:06 [INFO] Added block-info for Minecraft 1.8 blocks.
25-06-26 23:39:06 [INFO] Added block-info for Minecraft 1.9 blocks.
25-06-26 23:39:06 [INFO] Added block-info for Minecraft 1.10 blocks.
25-06-26 23:39:06 [INFO] Added block-info for Minecraft 1.11 blocks.
25-06-26 23:39:06 [INFO] Added block-info for Minecraft 1.12 blocks.
25-06-26 23:39:06 [INFO] Inventory checks: FastConsume is available, disabled InstantEat.
25-06-26 23:39:06 [INFO] Packet level access: ProtocolLib is not available.
25-06-26 23:39:06 [INFO] Force disable FastHeal on Minecraft 1.9 and later.
25-06-26 23:39:06 [INFO] Version 3.16.0-RC-sMD5NET-b1134 is enabled.
25-06-26 23:39:06 [INFO] [GenericInstanceRegistry] Registered for itself: fr.neatmonster.nocheatplus.stats.Counters
25-06-26 23:39:06 [INFO] [GenericInstanceRegistry] Registered for itself: fr.neatmonster.nocheatplus.checks.workaround.WRPT
25-06-26 23:39:06 [INFO] [GenericInstanceRegistry] Registered for itself: fr.neatmonster.nocheatplus.checks.moving.location.tracking.LocationTrace$TraceEntryPool
25-06-26 23:39:06 [INFO] [GenericInstanceRegistry] Registered for itself: fr.neatmonster.nocheatplus.utilities.entity.PassengerUtil
25-06-26 23:39:06 [INFO] [GenericInstanceRegistry] Registered for itself: java.util.Random
25-06-26 23:39:06 [INFO] [GenericInstanceRegistry] Registered for fr.neatmonster.nocheatplus.compat.IBridgeCrossPlugin: fr.neatmonster.nocheatplus.compat.meta.BridgeCrossPlugin
25-06-26 23:39:06 [INFO] [GenericInstanceRegistry] Registered for fr.neatmonster.nocheatplus.compat.MCAccess: fr.neatmonster.nocheatplus.compat.bukkit.MCAccessBukkit
25-06-26 23:39:06 [INFO] [GenericInstanceRegistry] Registered for fr.neatmonster.nocheatplus.utilities.map.BlockCache: fr.neatmonster.nocheatplus.compat.bukkit.BlockCacheBukkit
25-06-26 23:39:06 [INFO] [GenericInstanceRegistry] Registered for fr.neatmonster.nocheatplus.components.modifier.IAttributeAccess: fr.neatmonster.nocheatplus.compat.bukkit.BukkitAttributeAccess
25-06-26 23:39:06 [INFO] Could not register an instance for: fr.neatmonster.nocheatplus.components.entity.IEntityAccessLastPositionAndLook
25-06-26 23:39:06 [INFO] [GenericInstanceRegistry] Registered for fr.neatmonster.nocheatplus.components.entity.IEntityAccessVehicle: fr.neatmonster.nocheatplus.compat.bukkit.EntityAccessVehicleMultiPassenger
25-06-26 23:39:06 [INFO] [GenericInstanceRegistry] Registered for itself: fr.neatmonster.nocheatplus.checks.moving.util.AuxMoving
25-06-26 23:39:06 [INFO] Added hook: AllViolations(NCP) [1.0].
25-06-26 23:39:06 [INFO] Post-enable running...
25-06-26 23:39:07 [INFO] Post-enable finished.
25-06-26 23:39:07 [INFO] ---- Version information ----
#### Server ####
git-Paper-196 ~MC: 1.20.1~
  detected: 1.20.1
#### NoCheatPlus ####
Plugin: 3.16.0-RC-sMD5NET-b1134
MCAccess: 1.4.6-1.11.2|? / Bukkit-API
Features:
  blocks: BlocksMC1_4 | BlocksMC1_5 | BlocksMC1_6_1 | BlocksMC1_7_2 | BlocksMC1_8 | BlocksMC1_9 | BlocksMC1_10 | BlocksMC1_11 | BlocksMC1_12
  checks: FastConsume | Gutenberg | HotFixFallingBlockPortalEnter
  defaults: pvpKnockBackVelocity
Hooks: AllViolations~NCP~ 1.0
25-06-26 23:43:34 [INFO] Removed hook: AllViolations(NCP) [1.0].
25-06-26 23:43:34 [FINE] | cancel.dead 0 | cancel.offline 0 | block.interact.look.current 90 (90/0) | block.interact.look.flying.first 0 | block.interact.look.flying.other 0 | illegalitem 0 | boatsanywhere 0 | throwenderpearl 0 | fakeinvulnerable 0 | eggonentity 0 | event.player.move 2511 (2511/0) |
25-06-26 23:43:34 [INFO] [GenericInstanceRegistry] Registry cleared.
25-06-26 23:49:10 [INFO] Logger started.
25-06-26 23:49:10 [INFO] Logging system initialized.
25-06-26 23:49:10 [INFO] Detected Minecraft version: 1.20.1
25-06-26 23:49:14 [WARNING] Running in Bukkit-API-only mode (git-Paper-196 (MC: 1.20.1)). If this is not intended, please check for updates and consider to request support.
25-06-26 23:49:14 [WARNING]  Check for updates and support at BukkitDev: https://dev.bukkit.org/server-mods/nocheatplus/
25-06-26 23:49:14 [WARNING]  Development builds (unsupported by the Bukkit Staff, use at your own risk): https://ci.md-5.net/job/NoCheatPlus/changes
25-06-26 23:49:14 [WARNING] Bukkit-API-only mode: Some features will likely not function properly, performance might suffer.
25-06-26 23:49:14 [INFO] McAccess set to: 1.4.6-1.11.2|? / Bukkit-API
25-06-26 23:49:15 [INFO] Added block-info for Minecraft 1.5 blocks.
25-06-26 23:49:15 [INFO] Added block-info for Minecraft 1.6.1 blocks.
25-06-26 23:49:15 [INFO] Added block-info for Minecraft 1.7.2 blocks.
25-06-26 23:49:15 [INFO] Added block-info for Minecraft 1.8 blocks.
25-06-26 23:49:15 [INFO] Added block-info for Minecraft 1.9 blocks.
25-06-26 23:49:15 [INFO] Added block-info for Minecraft 1.10 blocks.
25-06-26 23:49:15 [INFO] Added block-info for Minecraft 1.11 blocks.
25-06-26 23:49:15 [INFO] Added block-info for Minecraft 1.12 blocks.
25-06-26 23:49:15 [INFO] Inventory checks: FastConsume is available, disabled InstantEat.
25-06-26 23:49:15 [INFO] Packet level access: ProtocolLib is not available.
25-06-26 23:49:15 [INFO] Force disable FastHeal on Minecraft 1.9 and later.
25-06-26 23:49:15 [INFO] Version 3.16.0-RC-sMD5NET-b1134 is enabled.
25-06-26 23:49:16 [INFO] Post-enable running...
25-06-26 23:49:16 [INFO] [GenericInstanceRegistry] Registered for itself: fr.neatmonster.nocheatplus.stats.Counters
25-06-26 23:49:16 [INFO] [GenericInstanceRegistry] Registered for itself: fr.neatmonster.nocheatplus.checks.workaround.WRPT
25-06-26 23:49:16 [INFO] [GenericInstanceRegistry] Registered for itself: fr.neatmonster.nocheatplus.checks.moving.location.tracking.LocationTrace$TraceEntryPool
25-06-26 23:49:16 [INFO] [GenericInstanceRegistry] Registered for itself: fr.neatmonster.nocheatplus.utilities.entity.PassengerUtil
25-06-26 23:49:16 [INFO] [GenericInstanceRegistry] Registered for itself: java.util.Random
25-06-26 23:49:16 [INFO] [GenericInstanceRegistry] Registered for fr.neatmonster.nocheatplus.compat.IBridgeCrossPlugin: fr.neatmonster.nocheatplus.compat.meta.BridgeCrossPlugin
25-06-26 23:49:16 [INFO] [GenericInstanceRegistry] Registered for fr.neatmonster.nocheatplus.compat.MCAccess: fr.neatmonster.nocheatplus.compat.bukkit.MCAccessBukkit
25-06-26 23:49:16 [INFO] [GenericInstanceRegistry] Registered for fr.neatmonster.nocheatplus.utilities.map.BlockCache: fr.neatmonster.nocheatplus.compat.bukkit.BlockCacheBukkit
25-06-26 23:49:16 [INFO] [GenericInstanceRegistry] Registered for fr.neatmonster.nocheatplus.components.modifier.IAttributeAccess: fr.neatmonster.nocheatplus.compat.bukkit.BukkitAttributeAccess
25-06-26 23:49:16 [INFO] Could not register an instance for: fr.neatmonster.nocheatplus.components.entity.IEntityAccessLastPositionAndLook
25-06-26 23:49:16 [INFO] [GenericInstanceRegistry] Registered for fr.neatmonster.nocheatplus.components.entity.IEntityAccessVehicle: fr.neatmonster.nocheatplus.compat.bukkit.EntityAccessVehicleMultiPassenger
25-06-26 23:49:16 [INFO] [GenericInstanceRegistry] Registered for itself: fr.neatmonster.nocheatplus.checks.moving.util.AuxMoving
25-06-26 23:49:16 [INFO] Added hook: AllViolations(NCP) [1.0].
25-06-26 23:49:17 [INFO] Post-enable finished.
25-06-26 23:49:17 [INFO] ---- Version information ----
#### Server ####
git-Paper-196 ~MC: 1.20.1~
  detected: 1.20.1
#### NoCheatPlus ####
Plugin: 3.16.0-RC-sMD5NET-b1134
MCAccess: 1.4.6-1.11.2|? / Bukkit-API
Features:
  blocks: BlocksMC1_4 | BlocksMC1_5 | BlocksMC1_6_1 | BlocksMC1_7_2 | BlocksMC1_8 | BlocksMC1_9 | BlocksMC1_10 | BlocksMC1_11 | BlocksMC1_12
  checks: FastConsume | Gutenberg | HotFixFallingBlockPortalEnter
  defaults: pvpKnockBackVelocity
Hooks: AllViolations~NCP~ 1.0
25-06-26 23:50:33 [INFO] darkkettoo failed SurvivalFly: tried to move: -251.57, 68.50, 68.68 -> (HOVER), d=0.0(HOVER) (hover). VL 556.
25-06-26 23:50:38 [INFO] darkkettoo failed SurvivalFly: tried to move: -251.57, 68.50, 68.68 -> -251.57, 68.92, 68.68, d=0.42 (vdistrel+vdistsb+ychincfly+maxphase). VL 709.
25-06-26 23:50:47 [INFO] darkkettoo failed SurvivalFly: tried to move: -251.57, 68.50, 68.68 -> -251.57, 68.50, 68.68, d=0.00 (maxphase). VL 703.
25-06-26 23:50:56 [INFO] darkkettoo failed SurvivalFly: tried to move: -251.57, 68.50, 68.65 -> -251.56, 68.50, 68.61, d=0.05 (maxphase). VL 751.
25-06-26 23:51:01 [INFO] darkkettoo failed SurvivalFly: tried to move: -251.57, 68.50, 68.68 -> -251.57, 68.50, 68.68, d=0.00 (maxphase). VL 991.
25-06-26 23:51:06 [INFO] darkkettoo failed SurvivalFly: tried to move: -251.57, 68.50, 68.68 -> -251.57, 68.50, 68.68, d=0.00 (maxphase). VL 1352.
25-06-26 23:51:12 [INFO] darkkettoo failed SurvivalFly: tried to move: -251.57, 68.50, 68.68 -> (HOVER), d=0.0(HOVER) (hover). VL 1897.
25-06-26 23:51:12 [INFO] (CONSOLE) Kicked darkkettoo : Kicked for flying (or related)
25-06-26 23:51:47 [INFO] darkkettoo failed SurvivalFly: tried to move: -251.57, 68.50, 68.68 -> -251.57, 68.50, 68.68, d=0.00 (maxphase). VL 1817.
25-06-26 23:51:47 [INFO] (CONSOLE) Kicked darkkettoo : Kicked for flying (or related)
25-06-26 23:52:03 [INFO] Removed hook: AllViolations(NCP) [1.0].
25-06-26 23:52:03 [FINE] | cancel.dead 0 | cancel.offline 0 | block.interact.look.current 10 (10/0) | block.interact.look.flying.first 0 | block.interact.look.flying.other 0 | illegalitem 0 | boatsanywhere 0 | throwenderpearl 0 | fakeinvulnerable 0 | eggonentity 0 | event.player.move 790 (790/0) |
25-06-26 23:52:03 [INFO] [GenericInstanceRegistry] Registry cleared.
