[20:17:41] [ServerMain/INFO]: Environment: authHost='https://authserver.mojang.com', accountsHost='https://api.mojang.com', sessionHost='https://sessionserver.mojang.com', servicesHost='https://api.minecraftservices.com', name='PROD'
[20:17:43] [ServerMain/INFO]: Loaded 7 recipes
[20:17:44] [Server thread/INFO]: Starting minecraft server version 1.20.1
[20:17:44] [Server thread/INFO]: Loading properties
[20:17:44] [Server thread/INFO]: This server is running Paper version git-Paper-196 (MC: 1.20.1) (Implementing API version 1.20.1-R0.1-SNAPSHOT) (Git: 773dd72)
[20:17:45] [Server thread/INFO]: Server Ping Player Sample Count: 12
[20:17:45] [Server thread/INFO]: Using 4 threads for Netty based IO
[20:17:45] [Server thread/WARN]: [!] The timings profiler has been enabled but has been scheduled for removal from Paper in the future.
    We recommend installing the spark profiler as a replacement: https://spark.lucko.me/
    For more information please visit: https://github.com/PaperMC/Paper/issues/8948
[20:17:45] [Server thread/INFO]: [ChunkTaskScheduler] Chunk system is using 1 I/O threads, 1 worker threads, and gen parallelism of 1 threads
[20:17:46] [Server thread/INFO]: Default game type: SURVIVAL
[20:17:46] [Server thread/INFO]: Generating keypair
[20:17:46] [Server thread/INFO]: Starting Minecraft server on *:25565
[20:17:46] [Server thread/INFO]: Using epoll channel type
[20:17:46] [Server thread/INFO]: Paper: Using libdeflate (Linux x86_64) compression from Velocity.
[20:17:46] [Server thread/INFO]: Paper: Using OpenSSL 3.0.x (Linux x86_64) cipher from Velocity.
[20:17:47] [Server thread/INFO]: [AuthMe] Loading server plugin AuthMe v5.6.0-bCUSTOM
[20:17:47] [Server thread/INFO]: [TreeGravity] Loading server plugin TreeGravity v4.7.0
[20:17:47] [Server thread/INFO]: [TreeGravity] [STDOUT] [TreeGravity] java.io.IOException: Server returned HTTP response code: 403 for URL: https://textuploader.com/d7v57/raw
[20:17:47] [Server thread/WARN]: Nag author(s): '[]' of 'TreeGravity v4.7.0' about their usage of System.out/err.print. Please use your plugin's logger instead (JavaPlugin#getLogger).
[20:17:47] [Server thread/INFO]: [BetterTeams] Loading server plugin BetterTeams v4.13.4
[20:17:47] [Server thread/INFO]: [BetterTeams] [BetterTeams] Checking if the file config.yml is up to date
[20:17:47] [Server thread/INFO]: [BetterTeams] [BetterTeams] File is up to date
[20:17:47] [Server thread/INFO]: Server permissions file permissions.yml is empty, ignoring it
[20:17:47] [Server thread/WARN]: **** SERVER IS RUNNING IN OFFLINE/INSECURE MODE!
[20:17:47] [Server thread/WARN]: The server will make no attempt to authenticate usernames. Beware.
[20:17:47] [Server thread/WARN]: While this makes the game possible to play without internet access, it also opens up the ability for hackers to connect with any username they choose.
[20:17:47] [Server thread/WARN]: To change this, set "online-mode" to "true" in the server.properties file.
[20:17:47] [Server thread/INFO]: Preparing level "world"
[20:17:48] [Server thread/INFO]: Preparing start region for dimension minecraft:overworld
[20:17:48] [Server thread/INFO]: Time elapsed: 499 ms
[20:17:48] [Server thread/INFO]: Preparing start region for dimension minecraft:the_nether
[20:17:48] [Server thread/INFO]: Time elapsed: 141 ms
[20:17:48] [Server thread/INFO]: Preparing start region for dimension minecraft:the_end
[20:17:49] [Server thread/INFO]: Time elapsed: 128 ms
[20:17:49] [Server thread/INFO]: [AuthMe] Enabling AuthMe v5.6.0-bCUSTOM
[20:17:50] [Server thread/INFO]: [AuthMe] SQLite Setup finished
[20:17:50] [Server thread/INFO]: [AuthMe] No supported permissions system found! Permissions are disabled!
[20:17:50] [Server thread/WARN]: [AuthMe] WARNING! The protectInventory feature requires ProtocolLib! Disabling it...
[20:17:51] [Server thread/INFO]: [AuthMe] AuthMe 5.6.0 build n.CUSTOM successfully enabled!
[20:17:51] [Server thread/INFO]: [TreeGravity] Enabling TreeGravity v4.7.0
[20:17:51] [Server thread/INFO]: [BetterTeams] Enabling BetterTeams v4.13.4
[20:17:52] [Server thread/INFO]: [BetterTeams] MessageSender declared: com.booksaw.betterTeams.message.AdventureMessageSender@4a5b69f6
[20:17:52] [Server thread/INFO]: [BetterTeams] [BetterTeams] Checking if the file messages.yml is up to date
[20:17:52] [Server thread/INFO]: [BetterTeams] [BetterTeams] File is up to date
[20:17:52] [Server thread/INFO]: [BetterTeams] Display team name config value: prefix
[20:17:52] [Server thread/INFO]: [BetterTeams] Loading below name. Type: PREFIX
[20:17:52] [Server thread/INFO]: [BetterTeams] teamManagement declared: com.booksaw.betterTeams.events.MCTeamManagement@31b6befc
[20:17:53] [Server thread/INFO]: Running delayed init tasks
[20:17:53] [Server thread/INFO]: Done (8.564s)! For help, type "help"
[20:17:53] [Server thread/INFO]: Timings Reset
[20:17:53] [Craft Scheduler Thread - 2 - AuthMe/INFO]: [AuthMe] Downloading GEO IP database, because the old database is older than 30 days or doesn't exist
[20:17:53] [Craft Scheduler Thread - 2 - AuthMe/WARN]: [AuthMe] No MaxMind credentials found in the configuration file! GeoIp protections will be disabled.
[20:17:53] [Craft Scheduler Thread - 2 - AuthMe/INFO]: [AuthMe] There is no newer GEO IP database uploaded to MaxMind. Using the old one for now.
[20:17:53] [Craft Scheduler Thread - 2 - AuthMe/WARN]: [AuthMe] Could not download GeoLiteAPI database [FileNotFoundException]: plugins/AuthMe/GeoLite2-Country.mmdb (No such file or directory)
[20:20:26] [User Authenticator #0/INFO]: UUID of player darkkettoo is e9702bba-66c9-30c6-8a10-3f35e97367de
[20:20:27] [Server thread/INFO]: darkkettoo joined the game
[20:20:27] [Server thread/INFO]: darkkettoo[/127.203.218.242:43625] logged in with entity id 62 at ([world]-2334.952273188893, 68.0, 4659.290027128163)
[20:20:51] [Craft Scheduler Thread - 6 - AuthMe/INFO]: [AuthMe] darkkettoo logged in 127.203.218.242
[20:21:22] [User Authenticator #0/INFO]: UUID of player Vityfraca10 is 449b9e5b-0ab8-3a1e-84d4-cd8d8d2bd67d
[20:21:22] [Server thread/INFO]: Vityfraca10 joined the game
[20:21:22] [Server thread/INFO]: Vityfraca10[/127.40.252.53:39447] logged in with entity id 415 at ([world]-1599.8185513146514, 65.0, -333.0884431399866)
[20:21:40] [Server thread/INFO]: Villager EntityVillager['Villager'/63, uuid='864a2e30-2c58-4828-9fc5-f344c18adab2', l='ServerLevel[world]', x=-2341.51, y=64.77, z=4673.90, cpos=[-147, 292], tl=4137, v=true] died, message: 'Villager was slain by Clandestino darkkettoo'
[20:21:40] [Craft Scheduler Thread - 9 - AuthMe/INFO]: [AuthMe] Vityfraca10 logged in 127.40.252.53
[20:22:07] [Async Chat Thread - #0/INFO]: [Not Secure] [Clandestino] <darkkettoo> zzz
[20:22:08] [Async Chat Thread - #1/INFO]: [Not Secure] [Clandestino] <darkkettoo> zzzz
[20:22:10] [Async Chat Thread - #0/INFO]: [Not Secure] [Clandestino] <darkkettoo> zzzz
[20:22:11] [Async Chat Thread - #1/INFO]: [Not Secure] [Clandestino] <darkkettoo> zzzz
[20:22:12] [Async Chat Thread - #2/INFO]: [Not Secure] [Clandestino] <darkkettoo> zzzzzzz
[20:22:14] [Async Chat Thread - #0/INFO]: [Not Secure] [Clandestino] <darkkettoo> zzzzz
[20:22:15] [Async Chat Thread - #2/INFO]: [Not Secure] [Clandestino] <darkkettoo> zzz
[20:22:23] [Async Chat Thread - #0/INFO]: [Not Secure] [SixSeven] <Vityfraca10> para q tengo como 5 zombies
[20:23:40] [Async Chat Thread - #3/INFO]: [Not Secure] [SixSeven] <Vityfraca10> zz
[20:23:47] [Async Chat Thread - #4/INFO]: [Not Secure] [Clandestino] <darkkettoo> zzz
[20:33:07] [Server thread/INFO]: Clandestino darkkettoo fell from a high place
[20:33:11] [Async Chat Thread - #5/INFO]: [Not Secure] [SixSeven] <Vityfraca10> jajaj
[20:33:14] [Async Chat Thread - #6/INFO]: [Not Secure] [Clandestino] <darkkettoo> ASKJKASJKASJKASJKASJ
[20:33:34] [Async Chat Thread - #5/INFO]: [Not Secure] [Clandestino] <darkkettoo> es q fui directo para abajo
[20:33:39] [Async Chat Thread - #6/INFO]: [Not Secure] [Clandestino] <darkkettoo> q pajaaaaaaaaaa
[20:34:05] [Async Chat Thread - #5/INFO]: [Not Secure] [Clandestino] <darkkettoo> y justo tenia lava al lado
[20:34:15] [Async Chat Thread - #6/INFO]: [Not Secure] [Clandestino] <darkkettoo> me quemó casi todo
[20:39:09] [Server thread/INFO]: Set Clandestino darkkettoo's game mode to Creative Mode
[20:40:03] [Async Chat Thread - #8/INFO]: [Not Secure] [Clandestino] <darkkettoo> lpm
[20:40:12] [Async Chat Thread - #7/INFO]: [Not Secure] [Clandestino] <darkkettoo> se me quemaron la mitad de las cosas
[20:40:17] [Async Chat Thread - #8/INFO]: [Not Secure] [Clandestino] <darkkettoo> se salvo me reparacion
[20:40:43] [Async Chat Thread - #7/INFO]: [Not Secure] [SixSeven] <Vityfraca10> q bot
[20:46:44] [Server thread/INFO]: Set Clandestino darkkettoo's game mode to Survival Mode
[20:47:58] [Server thread/INFO]: SixSeven Vityfraca10 has made the advancement [Cover Me with Diamonds]
